	Babylon.js Exporter version: 1.8.1, Blender version: 2.74 (sub 0)
========= Conversion from Blender to Babylon.js =========
	Python World class constructor completed
	processing begun of material:  edificio._12
	Diffuse texture found
	processing begun of material:  edificio.Concrete
	Diffuse texture found
	processing begun of material:  edificio.Material
	processing begun of material:  edificio.Material.001
	processing begun of material:  edificio.MatIpCuatro
	Diffuse texture found
	Diffuse texture found
	Diffuse texture found
	Diffuse texture found
	Diffuse texture found
	Diffuse texture found
	Diffuse texture found
	processing begun of material:  edificio.MatIpDos
	Diffuse texture found
	Diffuse texture found
	Diffuse texture found
	Diffuse texture found
	Diffuse texture found
	processing begun of material:  edificio.MatIpTres
	Diffuse texture found
	Diffuse texture found
	Diffuse texture found
	Diffuse texture found
	Diffuse texture found
	Diffuse texture found
	processing begun of material:  edificio.MatIpUno
	Diffuse texture found
	Diffuse texture found
	Diffuse texture found
	Diffuse texture found
	processing begun of material:  edificio.SegmentoCuatro
	Diffuse texture found
	Diffuse texture found
	Diffuse texture found
	Diffuse texture found
	processing begun of material:  edificio.SegmentoDos.001
	Diffuse texture found
	Diffuse texture found
	processing begun of material:  edificio.SegmentoTres
	Diffuse texture found
	Diffuse texture found
	Diffuse texture found
	processing begun of material:  edificio.SegmentoUno.001
	Diffuse texture found
	Diffuse texture found
	Diffuse texture found
	processing begun of mesh:  Cube.005
		num positions      :  8
		num normals        :  8
		num uvs            :  0
		num uvs2           :  0
		num colors         :  0
		num indices        :  36
	processing begun of mesh:  Cube.004
		num positions      :  8
		num normals        :  8
		num uvs            :  0
		num uvs2           :  0
		num colors         :  0
		num indices        :  36
	processing begun of mesh:  Cube.003
		num positions      :  8
		num normals        :  8
		num uvs            :  0
		num uvs2           :  0
		num colors         :  0
		num indices        :  36
	processing begun of mesh:  Cube.002
		num positions      :  8
		num normals        :  8
		num uvs            :  0
		num uvs2           :  0
		num colors         :  0
		num indices        :  36
	processing begun of mesh:  Cube.001
		num positions      :  8
		num normals        :  8
		num uvs            :  0
		num uvs2           :  0
		num colors         :  0
		num indices        :  36
	processing begun of mesh:  Cube
		num positions      :  8
		num normals        :  8
		num uvs            :  0
		num uvs2           :  0
		num colors         :  0
		num indices        :  36
	processing begun of mesh:  Model
		WARNING:  No materials have been assigned: 
		num positions      :  0
		num normals        :  0
		num uvs            :  0
		num uvs2           :  0
		num colors         :  0
		num indices        :  0
	processing begun of mesh:  Camera.001
		WARNING:  No materials have been assigned: 
		num positions      :  0
		num normals        :  0
		num uvs            :  0
		num uvs2           :  0
		num colors         :  0
		num indices        :  0
	processing begun of mesh:  Mesh11
		num positions      :  14
		num normals        :  14
		num uvs            :  28
		num uvs2           :  0
		num colors         :  0
		num indices        :  24
	processing begun of mesh:  Mesh10
		num positions      :  22
		num normals        :  22
		num uvs            :  44
		num uvs2           :  0
		num colors         :  0
		num indices        :  36
	processing begun of mesh:  Mesh09
		num positions      :  16
		num normals        :  16
		num uvs            :  32
		num uvs2           :  0
		num colors         :  0
		num indices        :  24
	processing begun of mesh:  Mesh08
		num positions      :  21
		num normals        :  21
		num uvs            :  42
		num uvs2           :  0
		num colors         :  0
		num indices        :  36
	processing begun of mesh:  Mesh07
		num positions      :  14
		num normals        :  14
		num uvs            :  28
		num uvs2           :  0
		num colors         :  0
		num indices        :  24
	processing begun of mesh:  Mesh06
		num positions      :  14
		num normals        :  14
		num uvs            :  28
		num uvs2           :  0
		num colors         :  0
		num indices        :  24
	processing begun of mesh:  Mesh05
		num positions      :  14
		num normals        :  14
		num uvs            :  28
		num uvs2           :  0
		num colors         :  0
		num indices        :  24
	processing begun of mesh:  Mesh04
		num positions      :  14
		num normals        :  14
		num uvs            :  28
		num uvs2           :  0
		num colors         :  0
		num indices        :  24
	processing begun of mesh:  Mesh03
		num positions      :  13
		num normals        :  13
		num uvs            :  26
		num uvs2           :  0
		num colors         :  0
		num indices        :  24
	processing begun of mesh:  Mesh02
		num positions      :  8
		num normals        :  8
		num uvs            :  16
		num uvs2           :  0
		num colors         :  0
		num indices        :  12
	processing begun of mesh:  Mesh01
		num positions      :  6479
		num normals        :  6479
		num uvs            :  12958
		num uvs2           :  0
		num colors         :  0
		num indices        :  13389
	processing begun of camera (FreeCamera):  Camera
	processing begun of mesh:  AlfSegCuatro
		num positions      :  4
		num normals        :  4
		num uvs            :  8
		num uvs2           :  0
		num colors         :  0
		num indices        :  6
	processing begun of mesh:  AlfSegDos
		num positions      :  4
		num normals        :  4
		num uvs            :  8
		num uvs2           :  0
		num colors         :  0
		num indices        :  6
	processing begun of mesh:  AlfSegTres
		num positions      :  4
		num normals        :  4
		num uvs            :  8
		num uvs2           :  0
		num colors         :  0
		num indices        :  6
	processing begun of mesh:  AlfSegUno.000
		num positions      :  4
		num normals        :  4
		num uvs            :  8
		num uvs2           :  0
		num colors         :  0
		num indices        :  6
	processing begun of mesh:  AlfSegUno.001
		num positions      :  4
		num normals        :  4
		num uvs            :  8
		num uvs2           :  0
		num colors         :  0
		num indices        :  6
	processing begun of mesh:  AlfSegUno.002
		num positions      :  4
		num normals        :  4
		num uvs            :  8
		num uvs2           :  0
		num colors         :  0
		num indices        :  6
	processing begun of mesh:  AlfSegUno.003
		num positions      :  4
		num normals        :  4
		num uvs            :  8
		num uvs2           :  0
		num colors         :  0
		num indices        :  6
	processing begun of mesh:  AlfSegUno.004
		num positions      :  4
		num normals        :  4
		num uvs            :  8
		num uvs2           :  0
		num colors         :  0
		num indices        :  6
	processing begun of light (SUN):  Lamp
========= Writing of scene file started =========
========= Writing of scene file completed =========
========= end of processing =========
