[2015-09-29 01:50:52] START
[2015-09-29 02:03:09] EDIT SG/controllers/default.py: 0
[2015-09-29 02:04:23] EDIT SG/controllers/default.py: 0
[2015-09-29 02:07:34] EDIT SG/controllers/default.py: 0
[2015-09-29 02:09:20] EDIT SG/controllers/default.py: -93
[2015-09-29 02:10:31] EDIT SG/controllers/default.py: 80
[2015-09-29 02:10:41] EDIT SG/controllers/default.py: 0
[2015-09-29 02:10:50] EDIT SG/controllers/default.py: 0
[2015-09-29 02:12:17] EDIT SG/views/default/user.html: 0
[2015-09-29 02:12:42] EDIT SG/views/default/user.html: 0
[2015-09-29 02:19:03] EDIT SG/static/dit/css/dit_custom.css: -3
[2015-09-29 02:19:41] EDIT SG/static/dit/css/dit_custom.css: -3
[2015-09-29 02:19:53] EDIT SG/views/default/user.html: 0
[2015-09-29 02:20:07] EDIT SG/views/default/user.html: 0
[2015-09-29 02:21:43] EDIT SG/views/default/user.html: 0
[2015-09-29 02:22:26] EDIT SG/controllers/default.py: 1
[2015-09-29 02:29:14] EDIT SG/views/default/user.html: 0
[2015-09-29 02:32:34] EDIT SG/controllers/default.py: 0
[2015-09-29 10:36:11] EDIT SG/models/db_SGSI.py: -60
[2015-09-29 10:36:24] CREATE db_SG.py: 0
[2015-09-29 10:37:46] EDIT SG/models/db_SG.py: 60
[2015-09-29 10:39:13] DELETE SG/models/db_SGSI.py: 0
[2015-09-29 10:55:36] EDIT SG/views/default/SG_estandares.html: 0
[2015-09-29 10:59:01] CREATE default/SG_control.html: 0
[2015-09-29 10:59:20] EDIT SG/views/default/SG_control.html: 22
[2015-09-29 11:01:22] DELETE SG/views/default/SG_estandares.html: -25
[2015-09-29 11:02:42] EDIT SG/controllers/default.py: 0
[2015-09-29 11:04:27] EDIT SG/ABOUT: 0
[2015-09-29 11:05:29] EDIT SG/LICENSE: -2
[2015-09-29 11:07:04] EDIT SG/views/default/index.html: 0
[2015-09-29 11:09:23] EDIT SG/controllers/default.py: 0
[2015-09-29 11:09:53] EDIT SG/controllers/default.py: 0
[2015-09-29 11:20:45] EDIT SG/controllers/default.py: 6
[2015-09-29 11:23:31] EDIT SG/controllers/default.py: 0
[2015-09-29 11:24:16] EDIT SG/controllers/default.py: 0
[2015-09-29 11:24:36] EDIT SG/controllers/default.py: 0
[2015-09-29 11:56:59] EDIT SG/views/dit_layout.html: 2
[2015-09-29 11:57:29] EDIT SG/views/dit_layout.html: 0
[2015-09-29 11:58:11] EDIT SG/controllers/default.py: 1
[2015-09-29 12:02:45] CREATE db_dit.py: 0
[2015-09-29 12:03:51] EDIT SG/models/db_dit.py: 31
[2015-09-29 12:04:34] EDIT SG/views/default/SG_control.html: 1
[2015-09-29 12:12:25] EDIT SG/models/db_dit.py: 0
[2015-09-29 12:13:35] EDIT SG/models/db_dit.py: 0
[2015-09-29 12:16:13] EDIT SG/models/db_dit.py: 0
[2015-09-29 12:16:43] EDIT SG/models/db_dit.py: 0
[2015-09-29 12:23:18] EDIT SG/views/default/SG_control.html: 0
[2015-09-29 12:23:51] EDIT SG/views/default/SG_control.html: 0
[2015-09-29 12:43:03] EDIT SG/controllers/default.py: 2
[2015-09-29 12:44:46] EDIT SG/controllers/default.py: 1
[2015-09-29 12:45:24] EDIT SG/controllers/default.py: 0
[2015-09-29 12:51:16] EDIT SG/controllers/default.py: 0
[2015-09-29 12:57:39] EDIT SG/controllers/default.py: 0
[2015-09-29 13:06:55] EDIT SG/controllers/default.py: 5
[2015-09-29 13:07:23] EDIT SG/controllers/default.py: 0
[2015-09-29 13:07:38] EDIT SG/controllers/default.py: 0
[2015-09-29 13:08:51] EDIT SG/controllers/default.py: 0
[2015-09-29 13:13:42] EDIT SG/controllers/default.py: 0
[2015-09-29 13:14:21] EDIT SG/controllers/default.py: 0
[2015-09-29 13:14:40] EDIT SG/controllers/default.py: 0
[2015-09-29 13:14:55] EDIT SG/controllers/default.py: 0
[2015-09-29 13:36:17] EDIT SG/controllers/default.py: 0
[2015-09-29 13:36:53] EDIT SG/controllers/default.py: 0
[2015-09-29 13:38:03] EDIT SG/controllers/default.py: 0
[2015-09-29 13:40:11] EDIT SG/controllers/default.py: 0
[2015-09-29 13:40:26] EDIT SG/controllers/default.py: 0
[2015-09-29 13:52:42] EDIT SG/models/db_SG.py: 0
[2015-09-29 13:54:38] EDIT SG/models/db_SG.py: 0
[2015-09-29 14:06:44] EDIT SG/models/db_SG.py: 0
[2015-09-29 14:12:28] EDIT SG/models/db_SG.py: 0
[2015-09-29 14:19:36] EDIT SG/models/db_SG.py: 7
[2015-09-29 14:19:57] EDIT SG/models/db_SG.py: 0
[2015-09-29 14:20:07] EDIT SG/models/db_SG.py: 0
[2015-09-29 14:20:16] EDIT SG/models/db_SG.py: 0
[2015-09-29 14:24:09] EDIT SG/models/db_SG.py: 0
[2015-09-29 14:25:46] EDIT SG/models/db_SG.py: 0
[2015-09-29 14:26:10] EDIT SG/models/db_SG.py: 0
[2015-09-29 14:28:38] EDIT SG/models/db_SG.py: 0
[2015-09-29 14:29:27] EDIT SG/models/db_SG.py: 0
[2015-09-29 14:33:57] EDIT SG/views/default/index.html: 0
[2015-09-29 14:38:21] EDIT SG/views/default/SG_control.html: 12
[2015-09-29 14:38:58] EDIT SG/views/default/SG_control.html: 0
[2015-09-29 14:42:58] EDIT SG/views/default/SG_control.html: 4
[2015-09-29 14:52:22] EDIT SG/views/default/SG_control.html: 3
[2015-09-29 14:53:09] EDIT SG/views/default/SG_control.html: 1
[2015-09-29 14:53:54] EDIT SG/views/default/SG_control.html: 0
[2015-09-29 14:54:27] EDIT SG/views/default/SG_control.html: 1
[2015-09-29 14:55:10] EDIT SG/views/default/SG_control.html: 0
[2015-09-29 14:56:45] EDIT SG/models/db_SG.py: 0
[2015-09-29 15:05:06] EDIT SG/models/db_SG.py: -1
[2015-09-29 15:08:21] EDIT SG/models/db_SG.py: 1
[2015-09-29 15:11:14] EDIT SG/models/db_SG.py: 1
[2015-09-29 15:11:29] EDIT SG/models/db_SG.py: 0
[2015-09-29 15:21:45] EDIT SG/models/db_SG.py: 0
[2015-09-29 15:22:15] EDIT SG/models/db_SG.py: 0
[2015-09-29 15:22:52] EDIT SG/models/db_SG.py: 0
[2015-09-29 15:38:43] EDIT SG/models/db_SG.py: 1
[2015-09-29 15:43:43] EDIT SG/controllers/default.py: 1
[2015-09-29 15:43:47] EDIT SG/controllers/default.py: 0
[2015-09-29 15:50:31] EDIT SG/models/db_SG.py: 0
[2015-09-29 15:50:42] EDIT SG/models/db_SG.py: 0
[2015-09-29 15:54:01] EDIT SG/views/default/SG_control.html: 1
[2015-09-29 15:57:31] EDIT SG/views/default/SG_control.html: 1
[2015-09-29 15:57:37] EDIT SG/views/default/SG_control.html: 0
[2015-09-29 16:29:54] EDIT SG/views/default/SG_control.html: 0
[2015-09-29 16:59:53] EDIT SG/views/default/SG_control.html: 4
[2015-09-29 17:00:48] EDIT SG/views/default/SG_control.html: 1
[2015-09-29 17:09:45] EDIT SG/views/default/SG_control.html: 3
[2015-09-29 17:14:24] EDIT SG/views/default/SG_control.html: 0
[2015-09-29 17:18:06] EDIT SG/views/default/SG_control.html: 1
[2015-09-29 17:19:11] EDIT SG/views/default/SG_control.html: 0
[2015-09-29 17:19:20] EDIT SG/views/default/SG_control.html: 0
[2015-09-29 17:19:27] EDIT SG/views/default/SG_control.html: 0
[2015-09-29 17:21:54] EDIT SG/views/default/SG_control.html: 7
[2015-09-29 17:33:51] EDIT SG/views/default/SG_control.html: 0
[2015-09-29 17:49:38] EDIT SG/views/default/SG_control.html: 0
[2015-09-29 17:50:09] EDIT SG/views/default/SG_control.html: 0
[2015-09-29 17:50:20] EDIT SG/views/default/SG_control.html: 0
[2015-09-29 17:53:12] EDIT SG/views/default/SG_control.html: 0
[2015-09-29 17:55:27] EDIT SG/controllers/default.py: 0
[2015-09-29 17:56:31] EDIT SG/models/db_SG.py: 0
[2015-09-29 17:57:16] EDIT SG/views/default/SG_control.html: 0
[2015-09-29 17:57:18] EDIT SG/views/default/SG_control.html: 0
[2015-09-29 17:57:57] EDIT SG/views/default/SG_control.html: 0
[2015-09-29 19:02:22] EDIT SG/views/default/SG_control.html: 2
[2015-09-29 19:04:07] EDIT SG/models/db_SG.py: 2
[2015-09-29 19:04:52] EDIT SG/models/db_SG.py: 0
[2015-09-29 19:05:05] EDIT SG/models/db_SG.py: 0
[2015-09-29 19:05:28] EDIT SG/models/db_SG.py: 0
[2015-09-29 19:05:29] EDIT SG/models/db_SG.py: 0
[2015-09-29 19:05:44] EDIT SG/models/db_SG.py: 0
[2015-09-29 19:05:54] EDIT SG/models/db_SG.py: 0
[2015-09-29 19:06:04] EDIT SG/models/db_SG.py: -1
[2015-09-29 19:06:17] EDIT SG/models/db_SG.py: 1
[2015-09-29 19:11:13] EDIT SG/views/default/SG_control.html: 3
[2015-09-29 19:16:11] EDIT SG/models/db_SG.py: 0
[2015-09-29 19:28:45] EDIT SG/views/default/SG_control.html: 0
[2015-09-29 19:29:29] EDIT SG/views/default/SG_control.html: 0
[2015-09-29 19:29:46] EDIT SG/views/default/SG_control.html: 0
[2015-09-29 19:30:07] EDIT SG/views/default/SG_control.html: 0
[2015-09-29 19:30:50] EDIT SG/views/default/SG_control.html: 0
[2015-09-29 19:31:10] EDIT SG/views/default/SG_control.html: 0
[2015-09-29 19:35:06] EDIT SG/models/db_SG.py: 0
[2015-09-29 19:47:43] EDIT SG/models/db_SG.py: 1
[2015-09-29 19:48:26] EDIT SG/models/db_SG.py: -1
[2015-09-29 20:36:34] EDIT SG/models/db_SG.py: 0
[2015-09-29 20:37:36] EDIT SG/models/db_SG.py: 0
[2015-09-29 21:37:14] EDIT SG/models/db_SG.py: 0
[2015-09-29 21:37:39] EDIT SG/models/db_SG.py: 0
[2015-09-29 21:37:49] EDIT SG/models/db_SG.py: 0
[2015-09-29 21:40:47] EDIT SG/models/db_SG.py: 2
[2015-09-29 22:04:55] EDIT SG/models/db_dit.py: 8
[2015-09-29 22:05:09] EDIT SG/models/db_dit.py: 0
[2015-09-29 22:33:18] EDIT SG/controllers/default.py: 2
[2015-09-29 22:48:33] EDIT SG/controllers/default.py: 2
[2015-09-29 22:50:45] EDIT SG/controllers/default.py: 0
[2015-09-29 22:51:26] EDIT SG/controllers/default.py: 0
[2015-09-29 22:54:28] EDIT SG/controllers/default.py: 0
[2015-09-29 22:59:15] EDIT SG/controllers/default.py: -1
[2015-09-29 22:59:29] EDIT SG/controllers/default.py: 1
[2015-09-29 22:59:33] EDIT SG/controllers/default.py: 0
[2015-09-29 23:00:46] EDIT SG/controllers/default.py: 0
[2015-09-29 23:02:53] EDIT SG/controllers/default.py: 0
[2015-09-29 23:05:12] EDIT SG/controllers/default.py: 0
[2015-09-29 23:06:42] EDIT SG/controllers/default.py: 2
[2015-09-29 23:09:50] EDIT SG/controllers/default.py: 0
[2015-09-29 23:13:08] EDIT SG/controllers/default.py: 0
[2015-09-29 23:13:54] EDIT SG/controllers/default.py: 0
[2015-09-29 23:14:25] EDIT SG/controllers/default.py: 0
[2015-09-29 23:15:55] EDIT SG/controllers/default.py: 0
[2015-09-29 23:21:50] EDIT SG/controllers/default.py: -22
[2015-09-29 23:23:27] EDIT SG/controllers/default.py: 1
[2015-09-29 23:25:05] EDIT SG/controllers/default.py: 0
[2015-09-29 23:27:06] EDIT SG/controllers/default.py: 0
[2015-09-29 23:32:12] EDIT SG/controllers/default.py: -4
[2015-09-29 23:35:06] EDIT SG/controllers/default.py: 0
[2015-09-29 23:35:38] EDIT SG/controllers/default.py: 0
[2015-09-29 23:38:39] EDIT SG/controllers/default.py: 0
[2015-09-29 23:40:01] EDIT SG/controllers/default.py: 1
[2015-09-29 23:40:43] EDIT SG/controllers/default.py: 1
[2015-09-29 23:41:19] EDIT SG/controllers/default.py: 0
[2015-09-29 23:41:51] EDIT SG/controllers/default.py: 0
[2015-09-29 23:42:02] EDIT SG/controllers/default.py: 0
[2015-09-29 23:48:34] EDIT SG/controllers/default.py: 0
[2015-09-29 23:49:09] EDIT SG/controllers/default.py: 0
[2015-09-30 00:01:48] EDIT SG/models/db_SG.py: 0
[2015-09-30 00:03:15] EDIT SG/models/db_SG.py: 0
[2015-09-30 00:29:17] EDIT SG/models/db_SG.py: 0
[2015-09-30 00:29:50] EDIT SG/models/db_SG.py: 0
[2015-09-30 00:44:36] EDIT SG/views/default/SG_control.html: 0
[2015-09-30 00:45:17] EDIT SG/views/default/SG_control.html: 0
[2015-09-30 00:45:47] EDIT SG/views/default/SG_control.html: 0
[2015-09-30 01:23:29] EDIT SG/controllers/default.py: -5
[2015-09-30 01:27:54] EDIT SG/controllers/default.py: 0
[2015-09-30 01:33:12] EDIT SG/controllers/default.py: 0
[2015-09-30 01:33:49] EDIT SG/controllers/default.py: 0
[2015-09-30 01:34:40] EDIT SG/controllers/default.py: 0
[2015-09-30 01:37:29] EDIT SG/controllers/default.py: 0
[2015-09-30 01:41:40] EDIT SG/models/db_SG.py: 0
[2015-09-30 01:42:15] EDIT SG/models/db_SG.py: 0
[2015-09-30 01:44:43] EDIT SG/models/db_SG.py: 0
[2015-09-30 01:45:37] EDIT SG/models/db_SG.py: 0
[2015-09-30 01:46:09] EDIT SG/models/db_SG.py: 0
[2015-09-30 01:51:37] EDIT SG/models/db_SG.py: 0
[2015-09-30 01:55:23] EDIT SG/models/db_SG.py: 0
[2015-09-30 01:59:17] EDIT SG/controllers/default.py: 0
[2015-09-30 01:59:44] EDIT SG/controllers/default.py: 0
[2015-09-30 02:00:56] EDIT SG/controllers/default.py: 0
[2015-09-30 02:15:57] EDIT SG/models/db_SG.py: 0
[2015-09-30 02:17:24] EDIT SG/models/db_SG.py: 0
[2015-09-30 13:49:30] EDIT SG/views/default/SG_control.html: 0
[2015-09-30 13:49:58] EDIT SG/views/default/SG_control.html: 0
[2015-09-30 13:50:07] EDIT SG/views/default/SG_control.html: 0
[2015-09-30 13:51:27] EDIT SG/views/default/SG_control.html: 0
[2015-09-30 13:53:31] EDIT SG/views/default/SG_control.html: 0
[2015-09-30 13:53:54] EDIT SG/views/default/SG_control.html: 0
[2015-09-30 13:54:10] EDIT SG/views/default/SG_control.html: 0
[2015-09-30 13:59:24] EDIT SG/static/dit/css/dit_3d.css: -1
[2015-09-30 14:00:43] EDIT SG/static/dit/css/dit_3d.css: -10
[2015-09-30 14:02:08] EDIT SG/static/dit/css/dit_3d.css: 11
[2015-09-30 14:05:53] EDIT SG/static/dit/css/dit_3d.css: 0
[2015-09-30 14:05:57] EDIT SG/static/dit/css/dit_3d.css: 0
[2015-09-30 14:11:02] EDIT SG/views/default/SG_control.html: 0
[2015-09-30 14:11:38] EDIT SG/views/default/SG_control.html: 0
[2015-09-30 14:13:15] EDIT SG/views/default/SG_control.html: 0
[2015-09-30 14:21:10] EDIT SG/controllers/default.py: 0
[2015-09-30 14:22:32] EDIT SG/controllers/default.py: 0
[2015-09-30 14:22:43] EDIT SG/controllers/default.py: 0
[2015-09-30 14:30:59] EDIT SG/static/dit/css/dit_custom.css: 3
[2015-09-30 14:31:52] EDIT SG/static/dit/css/dit_custom.css: 0
[2015-09-30 14:31:54] EDIT SG/static/dit/css/dit_custom.css: 0
[2015-09-30 14:54:35] EDIT SG/static/dit/css/dit_custom.css: 1
[2015-09-30 14:54:49] EDIT SG/static/dit/css/dit_custom.css: 0
[2015-09-30 17:40:40] EDIT SG/views/default/SG_control.html: 12
[2015-09-30 17:41:02] EDIT SG/views/default/SG_control.html: 0
[2015-09-30 17:47:41] EDIT SG/views/default/SG_control.html: 0
[2015-09-30 17:48:57] EDIT SG/views/default/SG_control.html: 0
[2015-09-30 17:51:02] EDIT SG/views/default/SG_control.html: 0
[2015-09-30 17:51:57] EDIT SG/views/default/SG_control.html: 0
[2015-09-30 17:58:32] EDIT SG/views/default/SG_control.html: 8
[2015-09-30 17:58:45] EDIT SG/views/default/SG_control.html: 0
[2015-09-30 17:58:51] EDIT SG/views/default/SG_control.html: 0
[2015-09-30 18:02:00] EDIT SG/views/default/SG_control.html: 2
[2015-09-30 18:05:25] EDIT SG/views/default/SG_control.html: 3
[2015-09-30 18:06:02] EDIT SG/views/default/SG_control.html: 0
[2015-09-30 18:24:25] EDIT SG/views/default/SG_control.html: 6
[2015-09-30 18:27:23] EDIT SG/views/default/SG_control.html: 2
[2015-09-30 18:28:35] EDIT SG/views/default/SG_control.html: 0
[2015-09-30 18:34:51] EDIT SG/views/default/SG_control.html: 1
[2015-09-30 18:38:16] EDIT SG/views/default/SG_control.html: 0
[2015-09-30 18:40:40] EDIT SG/views/default/SG_control.html: 0
[2015-09-30 18:41:09] EDIT SG/views/default/SG_control.html: 0
[2015-09-30 18:49:31] EDIT SG/views/default/SG_control.html: 0
[2015-09-30 18:50:09] EDIT SG/views/default/SG_control.html: 0
[2015-09-30 18:51:38] EDIT SG/views/default/SG_control.html: 0
[2015-09-30 18:52:03] EDIT SG/views/default/SG_control.html: 0
[2015-09-30 18:52:48] EDIT SG/views/default/SG_control.html: 0
[2015-09-30 18:55:41] EDIT SG/views/default/SG_control.html: 0
[2015-09-30 18:56:27] EDIT SG/views/default/SG_control.html: 0
[2015-09-30 18:59:00] EDIT SG/views/default/SG_control.html: 0
[2015-09-30 19:04:18] EDIT SG/views/default/SG_control.html: 0
[2015-09-30 19:05:24] EDIT SG/views/default/SG_control.html: 0
[2015-09-30 19:10:16] EDIT SG/views/default/SG_control.html: 0
[2015-09-30 19:24:56] EDIT SG/views/default/SG_control.html: 1
[2015-09-30 19:30:56] EDIT SG/views/default/SG_control.html: 0
[2015-09-30 19:32:21] EDIT SG/views/default/SG_control.html: 1
[2015-09-30 19:34:20] EDIT SG/views/default/SG_control.html: -1
[2015-09-30 19:35:04] EDIT SG/views/default/SG_control.html: 0
[2015-09-30 19:35:24] EDIT SG/views/default/SG_control.html: 0
[2015-09-30 19:45:18] EDIT SG/views/default/SG_control.html: 0
[2015-09-30 20:12:55] EDIT SG/views/default/SG_control.html: 0
[2015-09-30 20:13:49] EDIT SG/views/default/SG_control.html: 0
[2015-09-30 20:25:04] EDIT SG/views/default/SG_control.html: 0
[2015-09-30 20:31:04] EDIT SG/views/default/SG_control.html: -1
[2015-09-30 20:40:39] EDIT SG/views/default/SG_control.html: 8
[2015-09-30 20:44:26] EDIT SG/views/default/SG_control.html: 3
[2015-09-30 20:46:32] EDIT SG/views/default/SG_control.html: 1
[2015-09-30 20:46:43] EDIT SG/views/default/SG_control.html: 0
[2015-09-30 20:47:30] EDIT SG/views/default/SG_control.html: 1
[2015-09-30 20:48:36] EDIT SG/views/default/SG_control.html: 0
[2015-09-30 20:49:28] EDIT SG/views/default/SG_control.html: 0
[2015-09-30 20:52:25] EDIT SG/views/default/SG_control.html: 0
[2015-09-30 21:00:08] EDIT SG/views/default/SG_control.html: 0
[2015-09-30 21:02:02] EDIT SG/views/default/SG_control.html: 0
[2015-09-30 21:06:54] EDIT SG/views/default/SG_control.html: 0
[2015-09-30 21:15:56] EDIT SG/views/default/SG_control.html: 0
[2015-09-30 21:16:12] EDIT SG/views/default/SG_control.html: 0
[2015-09-30 21:17:49] EDIT SG/views/default/SG_control.html: -3
[2015-09-30 21:24:21] EDIT SG/views/default/SG_control.html: 0
[2015-09-30 21:29:54] EDIT SG/views/default/SG_control.html: 2
[2015-09-30 21:32:32] EDIT SG/views/default/SG_control.html: 0
[2015-09-30 21:33:50] EDIT SG/views/default/SG_control.html: 0
[2015-09-30 21:34:26] EDIT SG/views/default/SG_control.html: 0
[2015-09-30 21:40:13] EDIT SG/views/default/SG_control.html: 0
[2015-09-30 21:44:39] EDIT SG/views/default/SG_control.html: 0
[2015-09-30 21:45:42] EDIT SG/views/default/SG_control.html: 0
[2015-09-30 22:04:22] EDIT SG/views/default/SG_control.html: 0
[2015-09-30 22:04:34] EDIT SG/views/default/SG_control.html: 0
[2015-09-30 22:08:35] EDIT SG/views/default/SG_control.html: 27
[2015-09-30 22:11:06] EDIT SG/views/default/SG_control.html: 4
[2015-09-30 22:13:56] EDIT SG/views/default/SG_control.html: 5
[2015-09-30 22:15:30] EDIT SG/views/default/SG_control.html: 0
[2015-09-30 22:16:27] EDIT SG/views/default/SG_control.html: 0
[2015-09-30 22:21:54] EDIT SG/views/default/SG_control.html: 13
[2015-09-30 22:25:21] EDIT SG/views/default/SG_control.html: -13
[2015-09-30 22:25:57] EDIT SG/views/default/SG_control.html: 3
[2015-09-30 22:28:07] EDIT SG/views/default/SG_control.html: -20
[2015-09-30 22:30:50] EDIT SG/views/default/SG_control.html: 0
[2015-09-30 22:41:05] EDIT SG/views/default/SG_control.html: -47
[2015-09-30 22:41:30] EDIT SG/views/default/SG_control.html: 0
[2015-09-30 22:46:07] EDIT SG/views/default/SG_control.html: 0
[2015-09-30 22:47:49] EDIT SG/views/default/SG_control.html: 0
[2015-09-30 22:48:29] EDIT SG/views/default/SG_control.html: 1
[2015-09-30 22:51:40] EDIT SG/views/default/SG_control.html: 0
[2015-09-30 22:52:56] EDIT SG/views/default/SG_control.html: 0
[2015-09-30 22:55:49] EDIT SG/views/default/SG_control.html: 0
[2015-09-30 23:01:26] EDIT SG/views/default/SG_control.html: 1
[2015-09-30 23:02:23] EDIT SG/views/default/SG_control.html: -2
[2015-09-30 23:02:41] EDIT SG/views/default/SG_control.html: -10
[2015-09-30 23:04:12] EDIT SG/views/default/SG_control.html: 0
[2015-10-01 00:28:22] EDIT SG/views/default/SG_control.html: 4
[2015-10-01 00:34:16] EDIT SG/views/default/SG_control.html: 0
[2015-10-01 00:34:48] EDIT SG/views/default/SG_control.html: 0
[2015-10-01 00:37:04] EDIT SG/views/default/SG_control.html: 3
[2015-10-01 00:40:40] EDIT SG/models/db_SG.py: 0
[2015-10-01 00:47:28] EDIT SG/views/default/SG_control.html: 0
[2015-10-01 00:58:53] EDIT SG/views/default/SG_control.html: 1
[2015-10-01 12:19:27] EDIT SG/views/default/SG_control.html: 3
[2015-10-01 12:20:04] EDIT SG/views/default/SG_control.html: 0
[2015-10-01 12:20:10] EDIT SG/views/default/SG_control.html: 0
[2015-10-01 12:28:03] EDIT SG/views/default/SG_control.html: 0
[2015-10-01 12:29:21] EDIT SG/views/default/SG_control.html: 0
[2015-10-01 12:32:06] EDIT SG/views/default/SG_control.html: 0
[2015-10-01 12:38:17] EDIT SG/views/default/SG_control.html: 1
[2015-10-01 12:40:46] EDIT SG/views/default/SG_control.html: 1
[2015-10-01 12:44:04] EDIT SG/views/default/SG_control.html: 1
[2015-10-01 12:47:26] EDIT SG/views/default/SG_control.html: 0
[2015-10-01 12:48:52] EDIT SG/views/default/SG_control.html: 0
[2015-10-01 12:52:01] EDIT SG/views/default/SG_control.html: 0
[2015-10-01 13:01:43] EDIT SG/views/default/SG_control.html: 0
[2015-10-01 13:07:19] EDIT SG/views/default/SG_control.html: 1
[2015-10-01 13:08:09] EDIT SG/views/default/SG_control.html: 0
[2015-10-01 13:08:24] EDIT SG/views/default/SG_control.html: 0
[2015-10-01 13:08:51] EDIT SG/views/default/SG_control.html: 0
[2015-10-01 13:13:00] EDIT SG/views/default/SG_control.html: 0
[2015-10-01 13:13:21] EDIT SG/views/default/SG_control.html: 0
[2015-10-01 13:13:48] EDIT SG/views/default/SG_control.html: 0
[2015-10-01 13:29:14] EDIT SG/views/default/SG_control.html: 6
[2015-10-01 13:32:38] EDIT SG/views/default/SG_control.html: 1
[2015-10-01 13:35:24] EDIT SG/views/dit_layout.html: 0
[2015-10-01 13:38:57] EDIT SG/views/default/SG_control.html: 0
[2015-10-01 13:41:38] EDIT SG/views/dit_layout.html: 1
[2015-10-01 13:42:00] EDIT SG/views/dit_layout.html: 0
[2015-10-01 13:42:21] EDIT SG/views/default/SG_control.html: 1
[2015-10-01 13:42:27] EDIT SG/views/default/SG_control.html: 0
[2015-10-01 13:42:51] EDIT SG/views/dit_layout.html: 0
[2015-10-01 13:43:38] EDIT SG/views/dit_layout.html: 0
[2015-10-01 13:44:50] EDIT SG/views/dit_layout.html: -1
[2015-10-01 13:45:02] EDIT SG/views/dit_layout.html: 0
[2015-10-01 13:45:35] EDIT SG/views/default/SG_control.html: 0
[2015-10-01 13:45:48] EDIT SG/views/default/SG_control.html: 0
[2015-10-01 13:46:47] EDIT SG/views/default/SG_control.html: 0
[2015-10-01 13:47:09] EDIT SG/views/default/SG_control.html: 0
[2015-10-01 13:53:04] EDIT SG/views/default/SG_control.html: 5
[2015-10-01 13:53:35] EDIT SG/views/default/SG_control.html: 0
[2015-10-01 13:58:20] EDIT SG/static/dit/css/dit_custom.css: -4
[2015-10-01 14:00:03] EDIT SG/views/default/SG_control.html: 2
[2015-10-01 14:01:09] EDIT SG/static/dit/css/dit_custom.css: 0
[2015-10-01 14:10:45] EDIT SG/controllers/default.py: 0
[2015-10-01 14:12:47] EDIT SG/controllers/default.py: 0
[2015-10-01 14:15:50] EDIT SG/views/default/SG_control.html: 2
[2015-10-01 14:22:56] EDIT SG/views/default/SG_control.html: 6
[2015-10-01 14:23:45] EDIT SG/views/default/SG_control.html: 0
[2015-10-01 14:25:03] EDIT SG/views/default/SG_control.html: -1
[2015-10-01 14:25:06] EDIT SG/views/default/SG_control.html: 0
[2015-10-01 14:35:38] EDIT SG/views/default/SG_control.html: 8
[2015-10-01 14:37:15] EDIT SG/views/default/SG_control.html: 0
[2015-10-01 14:39:32] EDIT SG/views/default/SG_control.html: 1
[2015-10-01 14:40:04] EDIT SG/controllers/default.py: 1
[2015-10-01 14:41:00] EDIT SG/views/default/SG_control.html: 0
[2015-10-01 14:41:43] EDIT SG/views/default/SG_control.html: 0
[2015-10-01 14:42:22] EDIT SG/views/default/SG_control.html: 0
[2015-10-01 14:43:04] EDIT SG/views/default/SG_control.html: -9
[2015-10-01 14:43:16] EDIT SG/views/default/SG_control.html: 0
[2015-10-01 14:45:11] EDIT SG/views/default/SG_control.html: 0
[2015-10-01 14:45:29] EDIT SG/views/default/SG_control.html: 0
[2015-10-01 14:46:15] EDIT SG/views/default/SG_control.html: 0
[2015-10-01 14:46:41] EDIT SG/views/default/SG_control.html: 0
[2015-10-01 14:47:32] EDIT SG/views/default/SG_control.html: 0
[2015-10-01 14:47:56] EDIT SG/views/default/SG_control.html: 0
[2015-10-01 14:48:29] EDIT SG/views/default/SG_control.html: 0
[2015-10-01 14:49:11] EDIT SG/controllers/default.py: 0
[2015-10-01 14:49:26] EDIT SG/controllers/default.py: 0
[2015-10-01 14:49:28] EDIT SG/controllers/default.py: 0
[2015-10-01 14:50:23] EDIT SG/views/default/SG_control.html: 0
[2015-10-01 14:50:47] EDIT SG/controllers/default.py: 0
[2015-10-01 14:54:47] EDIT SG/controllers/default.py: 2
[2015-10-01 14:55:02] EDIT SG/controllers/default.py: 0
[2015-10-01 14:55:29] EDIT SG/controllers/default.py: 0
[2015-10-01 14:55:44] EDIT SG/views/default/SG_control.html: 0
[2015-10-01 14:58:37] EDIT SG/views/default/SG_control.html: 8
[2015-10-01 14:59:21] EDIT SG/views/default/SG_control.html: -1
[2015-10-01 15:48:50] EDIT SG/controllers/default.py: 7
[2015-10-01 15:54:01] EDIT SG/controllers/default.py: 0
[2015-10-01 15:56:08] EDIT SG/controllers/default.py: 0
[2015-10-01 15:56:34] EDIT SG/controllers/default.py: 0
[2015-10-01 15:57:08] EDIT SG/controllers/default.py: 0
[2015-10-01 15:57:31] EDIT SG/controllers/default.py: 0
[2015-10-01 15:58:40] EDIT SG/controllers/default.py: 0
[2015-10-01 16:04:13] EDIT SG/controllers/default.py: 0
[2015-10-01 16:06:52] EDIT SG/controllers/default.py: 0
[2015-10-01 16:09:06] EDIT SG/controllers/default.py: 0
[2015-10-01 16:09:45] EDIT SG/controllers/default.py: 0
[2015-10-01 16:09:58] EDIT SG/controllers/default.py: 0
[2015-10-01 16:10:11] EDIT SG/controllers/default.py: 0
[2015-10-01 16:12:08] EDIT SG/controllers/default.py: 0
[2015-10-01 16:12:53] EDIT SG/controllers/default.py: 0
[2015-10-01 16:14:18] EDIT SG/controllers/default.py: 0
[2015-10-01 16:14:25] EDIT SG/controllers/default.py: 0
[2015-10-01 16:15:58] EDIT SG/controllers/default.py: 1
[2015-10-01 16:16:16] EDIT SG/controllers/default.py: 0
[2015-10-01 16:17:32] EDIT SG/controllers/default.py: 0
[2015-10-01 16:18:20] EDIT SG/controllers/default.py: 0
[2015-10-01 16:27:34] EDIT SG/controllers/default.py: 0
[2015-10-01 16:32:20] EDIT SG/controllers/default.py: -1
[2015-10-01 16:38:02] EDIT SG/views/default/SG_control.html: 0
[2015-10-01 16:40:02] EDIT SG/views/default/SG_control.html: 0
[2015-10-01 16:40:09] EDIT SG/views/default/SG_control.html: 0
[2015-10-01 16:41:36] EDIT SG/views/default/SG_control.html: 0
[2015-10-01 16:42:35] EDIT SG/views/default/SG_control.html: 0
[2015-10-01 16:43:50] EDIT SG/views/default/SG_control.html: 2
[2015-10-01 16:44:18] EDIT SG/views/default/SG_control.html: 0
[2015-10-01 16:46:31] EDIT SG/controllers/default.py: 0
[2015-10-01 16:46:56] EDIT SG/controllers/default.py: 0
[2015-10-01 16:47:24] EDIT SG/controllers/default.py: 0
[2015-10-01 16:48:51] EDIT SG/views/default/SG_control.html: 0
[2015-10-01 16:57:40] EDIT SG/views/default/SG_control.html: 2
[2015-10-01 16:57:44] EDIT SG/views/default/SG_control.html: 0
[2015-10-01 16:59:36] EDIT SG/views/default/SG_control.html: -2
[2015-10-01 17:10:16] EDIT SG/views/default/SG_control.html: 1
[2015-10-01 17:10:23] EDIT SG/views/default/SG_control.html: 0
[2015-10-01 17:11:40] EDIT SG/views/default/SG_control.html: 0
[2015-10-01 17:11:55] EDIT SG/views/default/SG_control.html: 0
[2015-10-01 17:15:01] EDIT SG/views/default/SG_control.html: 1
[2015-10-01 17:15:19] EDIT SG/views/default/SG_control.html: 0
[2015-10-01 17:15:32] EDIT SG/views/default/SG_control.html: 0
[2015-10-01 17:15:38] EDIT SG/views/default/SG_control.html: 0
[2015-10-05 12:41:42] EDIT SG/views/default/SG_control.html: 1
[2015-10-05 12:43:27] EDIT SG/views/default/SG_control.html: 4
[2015-10-05 12:44:37] EDIT SG/views/default/SG_control.html: 5
[2015-10-05 12:45:33] EDIT SG/views/default/SG_control.html: 0
[2015-10-05 13:04:20] EDIT SG/views/default/SG_control.html: 1
[2015-10-05 13:06:49] EDIT SG/views/default/SG_control.html: 0
[2015-10-05 13:10:14] EDIT SG/views/default/SG_control.html: 0
[2015-10-05 13:14:37] EDIT SG/views/default/SG_control.html: 0
[2015-10-05 13:16:38] EDIT SG/views/default/SG_control.html: -7
[2015-10-05 13:17:44] EDIT SG/views/default/SG_control.html: 7
[2015-10-05 13:23:57] EDIT SG/views/default/SG_control.html: 3
[2015-10-05 13:25:08] EDIT SG/views/default/SG_control.html: -1
[2015-10-05 13:27:00] EDIT SG/views/default/SG_control.html: -1
[2015-10-05 13:36:15] EDIT SG/views/default/SG_control.html: 1
[2015-10-05 13:39:42] EDIT SG/views/default/SG_control.html: 1
[2015-10-05 13:40:34] EDIT SG/views/default/SG_control.html: 0
[2015-10-05 13:43:14] EDIT SG/views/default/SG_control.html: 0
[2015-10-05 13:44:22] EDIT SG/views/default/SG_control.html: -1
[2015-10-05 13:46:01] EDIT SG/views/default/SG_control.html: 0
[2015-10-05 13:49:00] EDIT SG/views/default/SG_control.html: 0
[2015-10-05 13:55:41] EDIT SG/views/default/SG_control.html: 0
[2015-10-05 13:57:17] EDIT SG/views/default/SG_control.html: 1
[2015-10-05 13:58:36] EDIT SG/views/default/SG_control.html: 0
[2015-10-05 13:59:30] EDIT SG/views/default/SG_control.html: 0
[2015-10-05 13:59:54] EDIT SG/views/default/SG_control.html: 0
[2015-10-05 14:21:04] EDIT SG/views/default/SG_control.html: 0
[2015-10-05 14:31:52] EDIT SG/views/default/SG_control.html: 0
[2015-10-05 14:32:36] EDIT SG/views/default/SG_control.html: 0
[2015-10-05 14:49:21] EDIT SG/models/db_SG.py: 9
[2015-10-05 14:49:42] EDIT SG/models/db_SG.py: 0
[2015-10-05 14:50:59] EDIT SG/models/db_SG.py: -3
[2015-10-05 14:51:46] EDIT SG/models/db_SG.py: 0
[2015-10-05 14:55:28] EDIT SG/models/db_SG.py: 0
[2015-10-05 14:55:41] EDIT SG/models/db_SG.py: 0
[2015-10-05 14:55:54] EDIT SG/models/db_SG.py: 0
[2015-10-05 15:29:58] EDIT SG/models/db_SG.py: 1
[2015-10-05 15:45:48] EDIT SG/views/default/SG_control.html: -1
[2015-10-05 16:06:13] EDIT SG/views/default/SG_control.html: 0
[2015-10-05 16:10:56] EDIT SG/views/plugin_ckeditor/browse.html: 0
[2015-10-05 16:12:50] EDIT SG/views/plugin_ckeditor/browse.html: 0
[2015-10-05 16:34:50] EDIT SG/controllers/plugin_ckeditor.py: 0
[2015-10-05 17:38:06] EDIT SG/modules/plugin_ckeditor.py: 0
[2015-10-05 17:44:09] EDIT SG/modules/plugin_ckeditor.py: -1
[2015-10-05 17:51:34] EDIT SG/modules/plugin_ckeditor.py: 2
[2015-10-05 17:51:57] EDIT SG/modules/plugin_ckeditor.py: 0
[2015-10-05 17:52:54] EDIT SG/modules/plugin_ckeditor.py: 0
[2015-10-05 17:58:50] EDIT SG/modules/plugin_ckeditor.py: 0
[2015-10-05 17:59:18] EDIT SG/modules/plugin_ckeditor.py: 0
[2015-10-05 17:59:56] EDIT SG/modules/plugin_ckeditor.py: 0
[2015-10-05 18:00:38] EDIT SG/modules/plugin_ckeditor.py: 0
[2015-10-05 18:02:34] EDIT SG/modules/plugin_ckeditor.py: 0
[2015-10-05 18:22:11] EDIT SG/modules/plugin_ckeditor.py: 0
[2015-10-05 18:32:18] EDIT SG/modules/plugin_ckeditor.py: 0
[2015-10-05 19:02:11] EDIT SG/modules/plugin_ckeditor.py: 10
[2015-10-05 19:02:16] EDIT SG/modules/plugin_ckeditor.py: 0
[2015-10-05 19:50:44] EDIT SG/views/default/SG_control.html: 0
[2015-10-05 19:58:34] EDIT SG/models/db_SG.py: 0
[2015-10-05 20:23:50] EDIT SG/models/db_SG.py: 0
[2015-10-05 21:25:47] EDIT SG/modules/plugin_ckeditor.py: 1
[2015-10-06 12:27:52] EDIT SG/views/plugin_ckeditor/browse.html: 0
[2015-10-06 12:28:11] EDIT SG/views/plugin_ckeditor/browse.html: 0
[2015-10-06 12:33:50] EDIT SG/views/plugin_ckeditor/browse.html: 0
[2015-10-06 12:34:24] EDIT SG/views/plugin_ckeditor/browse.html: 0
[2015-10-06 12:35:15] EDIT SG/views/plugin_ckeditor/browse.html: 0
[2015-10-06 13:13:16] EDIT SG/views/plugin_ckeditor/browse.html: 0
[2015-10-06 13:15:22] EDIT SG/views/plugin_ckeditor/browse.html: 0
[2015-10-06 13:16:42] EDIT SG/models/db_SG.py: 1
[2015-10-06 13:19:54] EDIT SG/views/plugin_ckeditor/browse.html: 0
[2015-10-06 13:20:54] EDIT SG/views/plugin_ckeditor/browse.html: 0
[2015-10-06 13:37:47] EDIT SG/views/plugin_ckeditor/browse.html: 2
[2015-10-06 13:38:13] EDIT SG/views/plugin_ckeditor/browse.html: 0
[2015-10-06 13:38:22] EDIT SG/views/plugin_ckeditor/browse.html: 0
[2015-10-06 13:39:02] EDIT SG/views/plugin_ckeditor/browse.html: 0
[2015-10-06 13:39:20] EDIT SG/views/plugin_ckeditor/browse.html: 0
[2015-10-06 13:40:25] EDIT SG/views/plugin_ckeditor/browse.html: 0
[2015-10-06 13:40:49] EDIT SG/views/plugin_ckeditor/browse.html: 2
[2015-10-06 13:41:11] EDIT SG/views/plugin_ckeditor/browse.html: 0
[2015-10-06 13:41:40] EDIT SG/views/plugin_ckeditor/browse.html: 1
[2015-10-06 13:44:10] EDIT SG/views/plugin_ckeditor/browse.html: 0
[2015-10-06 13:44:47] EDIT SG/views/plugin_ckeditor/browse.html: -2
[2015-10-06 13:45:26] EDIT SG/views/plugin_ckeditor/browse.html: 0
[2015-10-06 13:45:48] EDIT SG/views/plugin_ckeditor/browse.html: 0
[2015-10-06 13:46:06] EDIT SG/views/plugin_ckeditor/browse.html: 0
[2015-10-06 13:46:23] EDIT SG/views/plugin_ckeditor/browse.html: 0
[2015-10-06 13:47:33] EDIT SG/views/plugin_ckeditor/browse.html: 0
[2015-10-06 13:54:48] EDIT SG/views/plugin_ckeditor/browse.html: 0
[2015-10-06 13:55:06] EDIT SG/views/plugin_ckeditor/browse.html: 0
[2015-10-06 13:56:06] EDIT SG/views/plugin_ckeditor/browse.html: 1
[2015-10-06 13:57:43] EDIT SG/views/plugin_ckeditor/browse.html: 0
[2015-10-06 14:07:46] EDIT SG/models/db_SG.py: 0
[2015-10-06 14:10:11] EDIT SG/modules/plugin_ckeditor.py: 2
[2015-10-06 14:10:27] EDIT SG/modules/plugin_ckeditor.py: -1
[2015-10-06 14:10:55] EDIT SG/modules/plugin_ckeditor.py: 0
[2015-10-06 14:12:00] EDIT SG/modules/plugin_ckeditor.py: 1
[2015-10-06 14:12:33] EDIT SG/modules/plugin_ckeditor.py: -1
[2015-10-06 14:14:27] EDIT SG/modules/plugin_ckeditor.py: 0
[2015-10-06 14:16:29] EDIT SG/modules/plugin_ckeditor.py: 0
[2015-10-06 16:36:19] EDIT SG/views/default/SG_control.html: 1
[2015-10-06 16:38:01] EDIT SG/modules/plugin_ckeditor.py: 1
[2015-10-06 16:39:41] EDIT SG/modules/plugin_ckeditor.py: 0
[2015-10-06 16:40:42] EDIT SG/modules/plugin_ckeditor.py: 0
[2015-10-06 16:42:55] EDIT SG/views/default/SG_control.html: -1
[2015-10-06 16:43:36] EDIT SG/modules/plugin_ckeditor.py: 0
[2015-10-06 16:43:37] EDIT SG/views/default/SG_control.html: 0
[2015-10-06 16:46:30] EDIT SG/modules/plugin_ckeditor.py: 0
[2015-10-06 16:49:33] EDIT SG/modules/plugin_ckeditor.py: 0
[2015-10-06 16:50:55] EDIT SG/modules/plugin_ckeditor.py: 0
[2015-10-06 16:51:38] EDIT SG/modules/plugin_ckeditor.py: 0
[2015-10-06 16:57:42] EDIT SG/modules/plugin_ckeditor.py: 19
[2015-10-06 16:57:55] EDIT SG/modules/plugin_ckeditor.py: 0
[2015-10-06 16:58:46] EDIT SG/modules/plugin_ckeditor.py: 0
[2015-10-06 16:59:10] EDIT SG/modules/plugin_ckeditor.py: 0
[2015-10-06 17:01:42] EDIT SG/modules/plugin_ckeditor.py: 1
[2015-10-06 17:03:25] EDIT SG/modules/plugin_ckeditor.py: 0
[2015-10-06 17:03:40] EDIT SG/modules/plugin_ckeditor.py: 0
[2015-10-06 17:04:14] EDIT SG/modules/plugin_ckeditor.py: 0
[2015-10-06 17:15:20] EDIT SG/modules/plugin_ckeditor.py: 9
[2015-10-06 17:18:20] EDIT SG/views/dit_layout.html: 0
[2015-10-06 17:19:16] EDIT SG/modules/plugin_ckeditor.py: -1
[2015-10-06 17:21:15] EDIT SG/modules/plugin_ckeditor.py: 0
[2015-10-06 17:33:20] EDIT SG/modules/plugin_ckeditor.py: 24
[2015-10-06 17:33:32] EDIT SG/modules/plugin_ckeditor.py: 0
[2015-10-06 17:43:12] EDIT SG/modules/plugin_ckeditor.py: 0
[2015-10-06 17:47:54] EDIT SG/modules/plugin_ckeditor.py: 6
[2015-10-06 17:48:19] EDIT SG/modules/plugin_ckeditor.py: 1
[2015-10-06 17:48:44] EDIT SG/modules/plugin_ckeditor.py: 0
[2015-10-06 17:49:08] EDIT SG/modules/plugin_ckeditor.py: 0
[2015-10-06 17:49:32] EDIT SG/modules/plugin_ckeditor.py: 0
[2015-10-06 17:50:14] EDIT SG/modules/plugin_ckeditor.py: 0
[2015-10-06 17:50:18] EDIT SG/modules/plugin_ckeditor.py: 0
[2015-10-06 18:21:41] EDIT SG/views/default/SG_control.html: 0
[2015-10-12 10:25:37] EDIT SG/controllers/default.py: 0
[2015-10-12 10:28:07] EDIT SG/models/db_SG.py: 0
[2015-10-12 10:28:30] EDIT SG/models/db_SG.py: 0
[2015-10-12 10:30:35] EDIT SG/models/db_SG.py: 0
[2015-10-12 10:36:06] EDIT SG/controllers/default.py: 0
[2015-10-12 10:41:11] EDIT SG/controllers/default.py: 0
[2015-10-12 10:41:18] EDIT SG/controllers/default.py: 0
[2015-10-12 10:41:53] EDIT SG/controllers/default.py: 0
[2015-10-12 10:52:35] EDIT SG/views/default/SG_control.html: -74
[2015-10-12 10:53:22] EDIT SG/views/default/SG_control.html: 0
[2015-10-12 10:57:10] EDIT SG/models/db_SG.py: -12
[2015-10-12 10:57:57] EDIT SG/models/db_SG.py: 0
[2015-10-12 13:00:19] EDIT SG/views/plugin_ckeditor/browse.html: 0
[2015-10-12 13:09:26] EDIT SG/views/plugin_ckeditor/browse.html: 0
[2015-10-12 14:30:19] EDIT SG/views/default/SG_control.html: 4
[2015-10-12 14:30:58] EDIT SG/views/default/SG_control.html: 0
[2015-10-12 14:31:11] EDIT SG/views/default/SG_control.html: 0
[2015-10-12 14:31:38] EDIT SG/views/default/SG_control.html: 0
[2015-10-12 15:59:00] EDIT SG/static/dit/css/dit_custom.css: 3
[2015-10-12 16:01:06] EDIT SG/static/dit/css/dit_custom.css: 0
[2015-10-12 17:20:13] EDIT SG/views/default/index.html: -248
[2015-10-12 17:22:00] EDIT SG/views/default/index.html: 5
[2015-10-12 17:25:20] EDIT SG/views/default/index.html: 14
[2015-10-12 17:29:25] EDIT SG/views/default/index.html: 0
[2015-10-12 17:29:35] EDIT SG/views/default/index.html: -1
[2015-10-12 17:30:11] EDIT SG/views/default/index.html: 0
[2015-10-12 17:30:38] EDIT SG/views/default/index.html: 0
[2015-10-12 17:32:22] EDIT SG/views/default/index.html: 0
[2015-10-12 17:40:34] EDIT SG/views/default/index.html: 2
[2015-10-12 17:43:48] EDIT SG/controllers/default.py: 0
[2015-10-12 17:44:02] EDIT SG/models/db_SG.py: 0
[2015-10-12 17:44:19] EDIT SG/controllers/default.py: 0
[2015-10-12 18:16:01] EDIT SG/views/default/index.html: 0
[2015-10-12 18:16:55] EDIT SG/views/default/index.html: 0
[2015-10-12 18:21:02] EDIT SG/views/default/index.html: 0
[2015-10-12 18:24:54] EDIT SG/views/default/index.html: -7
[2015-10-12 18:27:34] EDIT SG/static/dit/css/dit_custom.css: 4
[2015-10-12 18:29:50] EDIT SG/static/dit/css/dit_custom.css: 3
[2015-10-12 18:31:19] EDIT SG/static/dit/css/dit_custom.css: 0
[2015-10-12 18:33:18] EDIT SG/static/dit/css/dit_custom.css: 1
[2015-10-12 18:39:51] EDIT SG/views/dit_layout.html: 0
[2015-10-12 18:45:14] EDIT SG/views/default/index.html: 0
[2015-10-12 18:45:46] EDIT SG/views/default/index.html: 0
[2015-10-12 18:46:55] EDIT SG/views/default/index.html: 0
[2015-10-12 18:47:18] EDIT SG/views/default/index.html: 0
[2015-10-12 18:54:02] EDIT SG/controllers/default.py: 1
[2015-10-12 19:06:35] EDIT SG/controllers/default.py: 0
[2015-10-12 19:11:09] EDIT SG/controllers/default.py: 0
[2015-10-12 19:11:12] EDIT SG/controllers/default.py: 0
[2015-10-12 19:13:34] EDIT SG/controllers/default.py: 0
[2015-10-12 19:15:37] EDIT SG/controllers/default.py: 0
[2015-10-12 19:16:17] EDIT SG/controllers/default.py: 0
[2015-10-12 19:16:40] EDIT SG/controllers/default.py: 0
[2015-10-12 19:18:15] EDIT SG/controllers/default.py: 0
[2015-10-12 19:18:45] EDIT SG/controllers/default.py: 0
[2015-10-12 19:19:50] EDIT SG/controllers/default.py: 0
[2015-10-12 19:19:59] EDIT SG/controllers/default.py: 0
[2015-10-12 19:20:11] EDIT SG/controllers/default.py: 0
[2015-10-12 19:20:20] EDIT SG/controllers/default.py: 0
[2015-10-12 19:21:06] EDIT SG/controllers/default.py: 0
[2015-10-12 19:21:26] EDIT SG/controllers/default.py: 0
[2015-10-12 19:42:29] EDIT SG/controllers/default.py: 0
[2015-10-12 19:51:02] EDIT SG/controllers/default.py: 0
[2015-10-12 20:01:31] EDIT SG/controllers/default.py: 4
[2015-10-12 20:02:23] EDIT SG/controllers/default.py: 0
[2015-10-12 20:05:07] EDIT SG/controllers/default.py: 0
[2015-10-12 20:05:37] EDIT SG/controllers/default.py: 0
[2015-10-12 20:08:12] EDIT SG/controllers/default.py: 0
[2015-10-12 20:10:54] EDIT SG/controllers/default.py: 0
[2015-10-12 20:16:57] EDIT SG/controllers/default.py: 0
[2015-10-12 20:17:36] EDIT SG/controllers/default.py: 0
[2015-10-12 20:47:56] EDIT SG/controllers/default.py: 1
[2015-10-12 20:48:55] EDIT SG/controllers/default.py: 0
[2015-10-12 21:06:14] EDIT SG/controllers/default.py: 5
[2015-10-12 21:08:36] EDIT SG/controllers/default.py: 2
[2015-10-12 21:08:38] EDIT SG/controllers/default.py: 0
[2015-10-12 21:10:29] EDIT SG/controllers/default.py: 1
[2015-10-12 21:10:54] EDIT SG/controllers/default.py: 0
[2015-10-12 21:11:16] EDIT SG/controllers/default.py: 0
[2015-10-12 21:23:53] EDIT SG/controllers/default.py: 1
[2015-10-12 21:24:23] EDIT SG/controllers/default.py: 0
[2015-10-12 21:26:36] EDIT SG/controllers/default.py: -1
[2015-10-12 21:32:58] EDIT SG/controllers/default.py: 1
[2015-10-12 21:33:06] EDIT SG/controllers/default.py: 0
[2015-10-12 21:34:00] EDIT SG/controllers/default.py: 0
[2015-10-12 21:35:22] EDIT SG/controllers/default.py: 0
[2015-10-12 21:36:06] EDIT SG/controllers/default.py: 0
[2015-10-12 21:36:20] EDIT SG/controllers/default.py: 0
[2015-10-12 21:36:37] EDIT SG/controllers/default.py: 0
[2015-10-12 21:55:27] EDIT SG/controllers/default.py: 0
[2015-10-12 21:55:50] EDIT SG/controllers/default.py: 0
[2015-10-12 21:57:07] EDIT SG/controllers/default.py: 0
[2015-10-12 22:00:17] EDIT SG/controllers/default.py: 1
[2015-10-12 22:01:04] EDIT SG/controllers/default.py: 0
[2015-10-12 22:03:52] EDIT SG/controllers/default.py: 0
[2015-10-12 22:05:39] EDIT SG/controllers/default.py: 0
[2015-10-12 22:06:48] EDIT SG/controllers/default.py: 0
[2015-10-12 22:07:18] EDIT SG/controllers/default.py: 0
[2015-10-12 22:07:31] EDIT SG/controllers/default.py: 0
[2015-10-12 22:15:46] EDIT SG/controllers/default.py: 0
[2015-10-12 22:37:39] EDIT SG/controllers/default.py: 0
[2015-10-12 22:37:48] EDIT SG/controllers/default.py: 0
[2015-10-12 22:38:20] EDIT SG/controllers/default.py: 0
[2015-10-12 22:41:15] EDIT SG/controllers/default.py: -1
[2015-10-12 22:49:07] EDIT SG/controllers/default.py: 0
[2015-10-12 22:50:01] EDIT SG/controllers/default.py: 0
[2015-10-12 22:54:03] EDIT SG/controllers/default.py: 1
[2015-10-12 22:55:59] EDIT SG/controllers/default.py: 0
[2015-10-12 23:06:50] EDIT SG/controllers/default.py: 2
[2015-10-12 23:08:04] EDIT SG/controllers/default.py: 0
[2015-10-12 23:09:28] EDIT SG/controllers/default.py: 0
[2015-10-12 23:10:06] EDIT SG/controllers/default.py: 1
[2015-10-12 23:11:16] EDIT SG/controllers/default.py: 0
[2015-10-12 23:11:57] EDIT SG/controllers/default.py: 0
[2015-10-12 23:13:02] EDIT SG/controllers/default.py: 1
[2015-10-12 23:13:16] EDIT SG/controllers/default.py: -1
[2015-10-12 23:13:36] EDIT SG/controllers/default.py: 1
[2015-10-12 23:14:35] EDIT SG/controllers/default.py: 0
[2015-10-12 23:18:20] EDIT SG/controllers/default.py: 7
[2015-10-12 23:25:58] EDIT SG/controllers/default.py: 0
[2015-10-12 23:26:21] EDIT SG/controllers/default.py: 0
[2015-10-12 23:27:59] EDIT SG/controllers/default.py: 1
[2015-10-12 23:28:23] EDIT SG/controllers/default.py: 0
[2015-10-12 23:35:33] EDIT SG/controllers/default.py: 0
[2015-10-12 23:36:48] EDIT SG/controllers/default.py: 0
[2015-10-12 23:37:08] EDIT SG/controllers/default.py: 0
[2015-10-12 23:39:42] EDIT SG/controllers/default.py: 0
[2015-10-12 23:46:23] EDIT SG/controllers/default.py: 4
[2015-10-12 23:56:10] EDIT SG/controllers/default.py: 3
[2015-10-13 00:02:20] EDIT SG/controllers/default.py: 3
[2015-10-13 00:10:19] EDIT SG/controllers/default.py: 1
[2015-10-13 16:48:18] EDIT SG/controllers/default.py: 11
[2015-10-13 16:49:26] EDIT SG/controllers/default.py: 13
[2015-10-13 16:49:42] EDIT SG/controllers/default.py: 0
[2015-10-13 16:49:52] EDIT SG/controllers/default.py: 0
[2015-10-13 16:50:31] CREATE default/dit_usuarios.html.py: 0
[2015-10-13 16:50:48] EDIT SG/models/default/dit_usuarios.html.py: 6
[2015-10-13 16:52:29] EDIT SG/controllers/default.py: 0
[2015-10-13 16:52:38] EDIT SG/controllers/default.py: 0
[2015-10-13 16:56:45] EDIT SG/controllers/default.py: 8
[2015-10-13 16:57:00] EDIT SG/controllers/default.py: 0
[2015-10-13 16:57:07] EDIT SG/models/default/dit_usuarios.html.py: 0
[2015-10-13 16:57:20] EDIT SG/models/default/dit_usuarios.html.py: 0
[2015-10-13 16:57:53] EDIT SG/models/default/dit_usuarios.html.py: 0
[2015-10-13 16:58:02] EDIT SG/models/default/dit_usuarios.html.py: 0
[2015-10-13 16:58:12] EDIT SG/models/default/dit_usuarios.html.py: 0
[2015-10-13 16:58:46] DELETE SG/models/default/dit_usuarios.html.py: -6
[2015-10-13 16:59:26] CREATE default/dit_usuarios.html: 0
[2015-10-13 16:59:42] EDIT SG/views/default/dit_usuarios.html: 3
[2015-10-13 17:00:33] EDIT SG/views/default/dit_usuarios.html: 0
[2015-10-13 17:00:59] EDIT SG/controllers/default.py: 0
[2015-10-13 17:05:22] EDIT SG/controllers/default.py: 0
[2015-10-13 17:06:11] EDIT SG/controllers/default.py: 0
[2015-10-13 17:14:20] EDIT SG/controllers/default.py: -1
[2015-10-13 17:20:42] EDIT SG/controllers/default.py: 0
[2015-10-13 17:21:07] CREATE default/dit_lista_usuarios.html: 0
[2015-10-13 17:22:49] EDIT SG/views/default/dit_lista_usuarios.html: 7
[2015-10-13 17:25:04] EDIT SG/views/default/SG_control.html: 0
[2015-10-13 17:25:43] EDIT SG/views/default/dit_lista_usuarios.html: 14
[2015-10-13 17:27:11] EDIT SG/views/default/dit_lista_usuarios.html: 0
[2015-10-13 17:29:06] EDIT SG/controllers/default.py: 1
[2015-10-13 17:32:30] EDIT SG/controllers/default.py: 0
[2015-10-13 17:35:43] EDIT SG/controllers/default.py: 0
[2015-10-13 17:37:10] EDIT SG/controllers/default.py: 1
[2015-10-13 17:39:56] EDIT SG/controllers/default.py: 3
[2015-10-13 17:41:53] EDIT SG/views/default/dit_lista_usuarios.html: 0
[2015-10-13 17:42:15] EDIT SG/views/default/dit_lista_usuarios.html: 0
[2015-10-13 17:55:02] EDIT SG/controllers/default.py: 1
[2015-10-13 17:56:42] EDIT SG/controllers/default.py: 0
[2015-10-13 17:58:06] EDIT SG/controllers/default.py: 0
[2015-10-13 18:07:51] EDIT SG/controllers/default.py: 3
[2015-10-13 18:07:55] EDIT SG/controllers/default.py: 0
[2015-10-13 18:08:29] EDIT SG/controllers/default.py: 0
[2015-10-13 18:08:36] EDIT SG/controllers/default.py: 0
[2015-10-13 18:08:38] EDIT SG/controllers/default.py: 0
[2015-10-13 18:10:09] EDIT SG/controllers/default.py: 0
[2015-10-13 18:10:10] EDIT SG/controllers/default.py: 0
[2015-10-13 18:11:39] EDIT SG/controllers/default.py: 1
[2015-10-13 18:12:04] EDIT SG/controllers/default.py: 0
[2015-10-13 18:12:41] EDIT SG/controllers/default.py: 0
[2015-10-13 18:14:00] EDIT SG/controllers/default.py: 0
[2015-10-13 18:22:19] EDIT SG/controllers/default.py: 0
[2015-10-13 18:25:52] EDIT SG/static/dit/css/dit_custom.css: 4
[2015-10-13 18:26:07] EDIT SG/static/dit/css/dit_custom.css: 0
[2015-10-13 18:34:48] EDIT SG/controllers/default.py: 0
[2015-10-13 18:35:55] EDIT SG/controllers/default.py: 0
[2015-10-13 18:36:28] EDIT SG/controllers/default.py: 0
[2015-10-13 18:36:53] EDIT SG/controllers/default.py: 0
[2015-10-13 18:57:26] EDIT SG/models/menu.py: 0
[2015-10-13 18:57:38] EDIT SG/models/menu.py: 0
[2015-10-13 19:28:54] EDIT SG/views/default/dit_usuarios.html: 15
[2015-10-13 19:32:03] EDIT SG/controllers/default.py: 4
[2015-10-13 19:45:00] EDIT SG/views/dit_layout.html: 1
[2015-10-19 15:29:58] EDIT SG/models/db_SG.py: 0
[2015-10-19 15:56:19] EDIT SG/controllers/default.py: 2
[2015-10-19 15:57:58] EDIT SG/views/default/SG_control.html: 3
[2015-10-19 15:58:44] EDIT SG/models/db_SG.py: 1
[2015-10-19 15:59:05] EDIT SG/views/default/SG_control.html: 0
[2015-10-19 16:16:20] EDIT SG/models/db_SG.py: 16
[2015-10-19 16:19:52] EDIT SG/models/db_SG.py: 0
[2015-10-19 16:21:02] EDIT SG/models/db_SG.py: 0
[2015-10-19 16:22:02] EDIT SG/models/db_SG.py: 0
[2015-10-19 16:31:31] EDIT SG/models/db_SG.py: 0
[2015-10-19 16:38:13] EDIT SG/models/db_SG.py: -11
[2015-10-19 16:40:04] EDIT SG/models/db_SG.py: 1
[2015-10-19 16:59:23] EDIT SG/models/db_SG.py: 0
[2015-10-19 16:59:49] EDIT SG/models/db_SG.py: 0
[2015-10-19 17:01:32] EDIT SG/models/db_SG.py: 0
[2015-10-19 17:09:27] EDIT SG/models/db_SG.py: 0
[2015-10-19 17:10:26] EDIT SG/models/db_SG.py: 0
[2015-10-19 17:12:21] EDIT SG/models/db_SG.py: 15
[2015-10-19 17:12:24] EDIT SG/models/db_SG.py: 0
[2015-10-20 17:40:40] EDIT SG/modules/plugin_ckeditor.py: 0
[2015-10-20 17:40:50] EDIT SG/modules/plugin_ckeditor.py: 0
[2015-10-20 17:44:13] EDIT SG/models/db_SG.py: 1
[2015-10-20 17:47:26] EDIT SG/modules/plugin_ckeditor.py: 2
[2015-10-20 17:53:48] EDIT SG/modules/plugin_ckeditor.py: 1
[2015-10-20 17:58:51] EDIT SG/modules/plugin_ckeditor.py: 0
[2015-10-20 18:04:02] EDIT SG/modules/plugin_ckeditor.py: -1
[2015-10-20 18:05:16] EDIT SG/modules/plugin_ckeditor.py: 0
[2015-10-20 19:50:08] EDIT SG/controllers/default.py: 7
[2015-10-20 19:51:15] EDIT SG/controllers/default.py: 0
[2015-10-20 19:51:17] EDIT SG/controllers/default.py: 0
[2015-10-20 19:54:46] EDIT SG/controllers/default.py: 1
[2015-10-20 19:57:45] EDIT SG/controllers/default.py: 0
[2015-10-20 20:09:37] EDIT SG/controllers/default.py: 1
[2015-10-20 20:11:20] EDIT SG/controllers/default.py: 0
[2015-10-20 20:21:26] EDIT SG/controllers/default.py: 2
[2015-10-20 20:29:02] EDIT SG/controllers/default.py: 1
[2015-10-20 20:29:29] EDIT SG/controllers/default.py: 0
[2015-10-20 20:36:38] EDIT SG/controllers/default.py: 3
[2015-10-20 20:40:54] EDIT SG/controllers/default.py: 0
[2015-10-20 20:43:09] EDIT SG/controllers/default.py: 0
[2015-10-20 20:46:33] EDIT SG/controllers/default.py: 0
[2015-10-20 20:53:40] EDIT SG/controllers/default.py: 0
[2015-10-20 20:54:25] EDIT SG/controllers/default.py: 0
[2015-10-20 21:00:10] EDIT SG/controllers/default.py: 0
[2015-10-20 21:01:06] EDIT SG/controllers/default.py: 0
[2015-10-21 16:43:56] EDIT SG/controllers/default.py: 0
[2015-10-21 17:25:47] EDIT SG/controllers/default.py: 3
[2015-10-21 17:32:32] EDIT SG/controllers/default.py: 0
[2015-10-21 18:05:44] EDIT SG/models/db.py: 0
[2015-10-21 18:06:31] EDIT SG/models/db.py: 1
[2015-10-21 18:29:56] EDIT SG/modules/plugin_ckeditor.py: 2
[2015-10-21 18:30:29] EDIT SG/modules/plugin_ckeditor.py: 0
[2015-10-21 18:55:59] EDIT SG/modules/plugin_ckeditor.py: -1
[2015-10-21 19:08:45] EDIT SG/modules/plugin_ckeditor.py: 11
[2015-10-21 19:14:00] EDIT SG/modules/plugin_ckeditor.py: 2
[2015-10-21 19:16:07] EDIT SG/modules/plugin_ckeditor.py: 11
[2015-10-21 19:16:35] EDIT SG/modules/plugin_ckeditor.py: 0
[2015-10-21 19:35:07] EDIT SG/views/default/SG_control.html: 0
[2015-10-21 19:41:25] EDIT SG/modules/plugin_ckeditor.py: 0
[2015-10-21 19:52:40] EDIT SG/static/dit/css/dit_custom.css: 1
[2015-10-21 19:55:22] EDIT SG/static/dit/css/dit_custom.css: 0
[2015-10-21 20:12:56] EDIT SG/modules/plugin_ckeditor.py: 0
[2015-10-21 20:26:08] EDIT SG/models/db.py: 0
[2015-10-21 20:26:48] EDIT SG/models/db.py: 0
[2015-10-21 20:55:57] EDIT SG/models/menu.py: 1
[2015-10-21 20:56:31] EDIT SG/models/menu.py: 0
[2015-10-21 20:58:53] EDIT SG/models/menu.py: 0
[2015-10-21 21:05:25] EDIT SG/models/menu.py: 0
[2015-10-21 21:28:40] EDIT SG/views/default/index.html: 0
[2015-10-21 21:30:06] EDIT SG/views/default/index.html: 0
[2015-10-21 21:30:22] EDIT SG/views/default/index.html: 0
[2015-10-21 21:30:38] EDIT SG/views/default/index.html: 0
[2015-10-21 21:44:49] EDIT SG/views/default/index.html: 0
[2015-10-21 21:46:21] EDIT SG/views/default/index.html: 0
[2015-10-21 21:46:48] EDIT SG/views/default/index.html: 0
[2015-10-21 21:55:12] EDIT SG/models/db.py: 0
[2015-10-21 22:01:19] EDIT SG/controllers/default.py: 0
[2015-10-21 22:02:16] EDIT SG/controllers/default.py: 0
[2015-10-21 22:08:25] EDIT SG/models/db.py: 0
[2015-10-21 22:09:43] EDIT SG/controllers/default.py: -3
[2015-10-21 22:36:40] EDIT SG/controllers/default.py: 3
[2015-10-21 22:37:42] EDIT SG/controllers/default.py: 0
[2015-10-21 22:38:24] EDIT SG/controllers/default.py: 2
[2015-10-21 22:42:11] EDIT SG/controllers/default.py: 2
[2015-10-21 22:44:57] EDIT SG/controllers/default.py: 1
[2015-10-21 22:48:22] EDIT SG/controllers/default.py: 1
[2015-10-21 22:49:42] EDIT SG/controllers/default.py: 1
[2015-10-21 22:49:57] EDIT SG/controllers/default.py: 0
[2015-10-21 22:51:12] EDIT SG/controllers/default.py: 1
[2015-10-21 22:53:07] EDIT SG/controllers/default.py: 0
[2015-10-21 22:57:40] EDIT SG/controllers/default.py: 0
[2015-10-21 22:58:15] EDIT SG/controllers/default.py: 0
[2015-10-21 23:11:42] EDIT SG/controllers/default.py: -1
[2015-10-21 23:21:50] EDIT SG/controllers/default.py: 1
[2015-10-21 23:22:41] EDIT SG/controllers/default.py: 0
[2015-10-21 23:27:44] EDIT SG/controllers/default.py: 0
[2015-10-21 23:42:23] EDIT SG/controllers/default.py: 0
[2015-10-21 23:42:36] EDIT SG/controllers/default.py: 0
[2015-10-21 23:42:44] EDIT SG/controllers/default.py: 0
[2015-10-21 23:56:33] EDIT SG/controllers/default.py: 0
[2015-10-22 00:41:13] EDIT SG/modules/plugin_ckeditor.py: -11
[2015-10-22 00:49:49] EDIT SG/modules/plugin_ckeditor.py: 0
[2015-10-22 00:49:59] EDIT SG/modules/plugin_ckeditor.py: 0
[2015-10-22 00:51:02] EDIT SG/modules/plugin_ckeditor.py: 0
[2015-10-22 00:52:48] EDIT SG/modules/plugin_ckeditor.py: 0
[2015-10-22 00:53:35] EDIT SG/modules/plugin_ckeditor.py: 0
[2015-10-22 00:56:14] EDIT SG/modules/plugin_ckeditor.py: 0
[2015-10-22 01:15:58] EDIT SG/controllers/default.py: 3
[2015-10-22 01:40:16] EDIT SG/static/dit/css/dit_custom.css: 3
[2015-10-22 01:40:51] EDIT SG/static/dit/css/dit_custom.css: 0
[2015-10-22 01:41:17] EDIT SG/static/dit/css/dit_custom.css: 1
[2015-10-22 01:42:16] EDIT SG/static/dit/css/dit_custom.css: -1
[2015-10-22 01:53:26] EDIT SG/views/default/index.html: 0
[2015-10-22 08:32:21] EDIT SG/models/db.py: 0
[2015-10-22 09:04:39] EDIT SG/models/db.py: 1
[2015-10-22 09:06:19] EDIT SG/models/db.py: -1
[2015-10-22 09:34:25] EDIT SG/models/db.py: 0
[2015-10-22 09:52:51] EDIT SG/controllers/default.py: 3
[2015-10-22 10:31:19] EDIT SG/models/db.py: 2
[2015-10-22 10:32:06] EDIT SG/models/db.py: -2
[2015-10-22 21:03:26] EDIT SG/models/menu.py: 0
[2015-10-22 21:05:48] EDIT SG/models/menu.py: 1
[2015-10-22 21:44:41] EDIT SG/models/menu.py: -1
[2015-10-22 21:48:03] EDIT SG/static/css/web2py-bootstrap3.css: 3
[2015-10-22 21:48:13] EDIT SG/static/css/web2py-bootstrap3.css: 0
[2015-10-22 21:58:33] EDIT SG/views/default/index.html: 0
